2020/07/23 21:04:43 {"callers":["D:/develop/go/iot/ServerIOT/main.go: 25 %!s(func() string=0x5ba660)"],"level":"info","message":"lee: 666","time":1595509483626248500}
2020/07/23 21:07:55 {"callers":["D:/develop/go/iot/ServerIOT/main.go: 28 %!s(func() string=0x5b90a0)"],"level":"info","message":"lee: 666","time":1595509675906125700}
2020/07/23 21:10:10 {"callers":["D:/develop/go/iot/ServerIOT/main.go: 28 %!s(func() string=0x5b90c0)"],"level":"info","message":"lee: 666","time":1595509810681712900}
2020/07/23 21:11:22 {"callers":["D:/develop/go/iot/ServerIOT/main.go: 28 main.init.0"],"level":"info","message":"lee: 666","time":1595509882236511900}
2020/08/06 20:16:36 {"callers":["D:/develop/code/go/vuecli/servers/ServerIOT/main.go: 33 main.init.0"],"level":"error","message":"svc.CreateUser err: record not found","time":1596716196906832300}
2020/08/06 20:21:21 {"callers":["D:/develop/code/go/vuecli/servers/ServerIOT/main.go: 33 main.init.0"],"level":"error","message":"svc.CreateUser err: Error 1054: Unknown column 'lee' in 'where clause'","time":1596716481138833000}
2020/08/06 20:34:10 {"callers":["D:/develop/code/go/vuecli/servers/ServerIOT/main.go: 33 main.init.0"],"level":"error","message":"UserRegister app.BindAndValid errs: Key: 'CreateUserRequest.Phone' Error:Field validation for 'Phone' failed on the 'len' tag,Key: 'CreateUserRequest.Name' Error:Field validation for 'Name' failed on the 'min' tag","time":1596717250504833500}
2020/08/06 20:34:57 {"callers":["D:/develop/code/go/vuecli/servers/ServerIOT/main.go: 33 main.init.0"],"level":"error","message":"UserRegister app.BindAndValid errs: Key: 'CreateUserRequest.Name' Error:Field validation for 'Name' failed on the 'min' tag","time":1596717297175838600}
2020/08/06 20:35:24 {"callers":["D:/develop/code/go/vuecli/servers/ServerIOT/main.go: 33 main.init.0"],"level":"error","message":"UserRegister app.BindAndValid errs: Key: 'CreateUserRequest.Name' Error:Field validation for 'Name' failed on the 'min' tag","time":1596717324278832500}
2020/08/06 20:36:22 {"callers":["D:/develop/code/go/vuecli/servers/ServerIOT/main.go: 33 main.init.0"],"level":"error","message":"UserRegister svc.GetUserInfoByPhone err: record not found","time":1596717382897833100}
2020/08/06 20:40:03 {"callers":["D:/develop/code/go/vuecli/servers/ServerIOT/main.go: 33 main.init.0"],"level":"error","message":"UserRegister svc.GetUserInfoByPhone err: record not found","time":1596717603892307000}
2020/08/06 20:47:03 {"callers":["D:/develop/code/go/vuecli/servers/ServerIOT/main.go: 33 main.init.0"],"level":"error","message":"svc.CreateUser err: Error 1054: Unknown column 'lee222' in 'where clause'","time":1596718023384354700}
2020/08/06 20:48:02 {"callers":["D:/develop/code/go/vuecli/servers/ServerIOT/main.go: 33 main.init.0"],"level":"error","message":"svc.QueryUser err: Error 1054: Unknown column 'lee222' in 'where clause'","time":1596718082659353100}
2020/08/06 20:51:19 {"callers":["D:/develop/code/go/vuecli/servers/ServerIOT/main.go: 33 main.init.0"],"level":"error","message":"svc.QueryUser err: Error 1054: Unknown column 'lee222' in 'where clause'","time":1596718279011359600}
2020/08/06 20:51:55 {"callers":["D:/develop/code/go/vuecli/servers/ServerIOT/main.go: 33 main.init.0"],"level":"error","message":"svc.QueryUser err: Error 1054: Unknown column 'lee222' in 'where clause'","time":1596718315926359400}
2020/08/06 20:53:42 {"callers":["D:/develop/code/go/vuecli/servers/ServerIOT/main.go: 33 main.init.0"],"level":"error","message":"svc.QueryUser err: Error 1054: Unknown column 'lee222' in 'where clause'","time":1596718422671357600}
2020/08/06 20:54:31 {"callers":["D:/develop/code/go/vuecli/servers/ServerIOT/main.go: 33 main.init.0"],"level":"error","message":"svc.QueryUser err: Error 1054: Unknown column 'lee222' in 'where clause'","time":1596718471255359600}
2020/08/06 20:55:07 {"callers":["D:/develop/code/go/vuecli/servers/ServerIOT/main.go: 33 main.init.0"],"level":"error","message":"svc.QueryUser err: Error 1054: Unknown column 'lee222' in 'where clause'","time":1596718507909360000}
2020/08/07 10:27:31 {"callers":["D:/develop/code/go/iot/ServerIOT/main.go: 33 main.init.0"],"level":"error","message":"qpp.BindAndValid errs: Key: 'GetUserInfoByNameRequest.Username' Error:Field validation for 'Username' failed on the 'min' tag","time":1596767251376603700}
2020/08/07 10:34:45 {"callers":["D:/develop/code/go/iot/ServerIOT/main.go: 33 main.init.0"],"level":"error","message":"qpp.BindAndValid errs: Key: 'GetUserInfoByNameRequest.Username' Error:Field validation for 'Username' failed on the 'min' tag","time":1596767670519464800}
2020/08/07 10:36:51 {"callers":["D:/develop/code/go/iot/ServerIOT/main.go: 33 main.init.0"],"level":"error","message":"qpp.BindAndValid errs: Key: 'GetUserInfoByNameRequest.Username' Error:Field validation for 'Username' failed on the 'min' tag","time":1596767811421709400}
2020/08/07 10:37:59 {"callers":["D:/develop/code/go/iot/ServerIOT/main.go: 33 main.init.0"],"level":"error","message":"qpp.BindAndValid errs: Key: 'GetUserInfoByNameRequest.Username' Error:Field validation for 'Username' failed on the 'min' tag","time":1596767879939350700}
2020/08/07 10:42:07 {"callers":["D:/develop/code/go/iot/ServerIOT/main.go: 33 main.init.0"],"level":"error","message":"qpp.BindAndValid errs: Key: 'GetUserInfoByNameRequest.Username' Error:Field validation for 'Username' failed on the 'min' tag","time":1596768127441688300}
2020/08/07 10:43:49 {"callers":["D:/develop/code/go/iot/ServerIOT/main.go: 33 main.init.0"],"level":"error","message":"qpp.BindAndValid errs: Key: 'GetUserInfoByNameRequest.Username' Error:Field validation for 'Username' failed on the 'min' tag","time":1596768202991579700}
2020/08/07 10:45:29 {"callers":["D:/develop/code/go/iot/ServerIOT/main.go: 33 main.init.0"],"level":"error","message":"qpp.BindAndValid errs: Key: 'GetUserInfoByNameRequest.Username' Error:Field validation for 'Username' failed on the 'min' tag","time":1596768329083975300}
2020/08/07 11:22:13 {"callers":["D:/develop/code/go/iot/ServerIOT/main.go: 33 main.init.0"],"level":"error","message":"UserRegister svc.GetUserInfoByPhone err: record not found","time":1596770533672288100}
2020/08/07 11:23:17 {"callers":["D:/develop/code/go/iot/ServerIOT/main.go: 33 main.init.0"],"level":"error","message":"UserRegister svc.GetUserInfoByPhone err: record not found","time":1596770597874017100}
2020/08/07 11:26:13 {"callers":["D:/develop/code/go/iot/ServerIOT/main.go: 33 main.init.0"],"level":"error","message":"UserRegister svc.GetUserInfoByPhone err: record not found","time":1596770773335080000}
2020/08/07 11:27:30 {"callers":["D:/develop/code/go/iot/ServerIOT/main.go: 33 main.init.0"],"level":"error","message":"UserRegister svc.GetUserInfoByPhone err: \u003cnil\u003e","time":1596770850902864100}
2020/08/07 11:28:46 {"callers":["D:/develop/code/go/iot/ServerIOT/main.go: 33 main.init.0"],"level":"error","message":"UserRegister svc.GetUserInfoByPhone err: \u003cnil\u003e","time":1596770926015599300}
2020/08/07 14:22:09 {"callers":["D:/develop/code/go/iot/ServerIOT/main.go: 33 main.init.0"],"level":"error","message":"UserRegister svc.GetUserInfoByPhone err: Error 1062: Duplicate entry 'yang' for key 'name'","time":1596781329425231400}
2020/08/12 09:48:35 {"callers":["D:/develop/code/go/iot/ServerIOT/main.go: 33 main.init.0"],"level":"error","message":"UserRegister svc.GetUserInfoByPhone err: Error 1054: Unknown column 'devcount' in 'field list'","time":1597196915859259500}
2020/08/12 09:51:59 {"callers":["D:/develop/code/go/iot/ServerIOT/main.go: 33 main.init.0"],"level":"error","message":"svc.CreateUser err: \u003cnil\u003e","time":1597197119707233600}
2020/08/12 09:55:20 {"callers":["D:/develop/code/go/iot/ServerIOT/main.go: 33 main.init.0"],"level":"error","message":"UserRegister app.BindAndValid errs: Key: 'CreateUserRequest.Name' Error:Field validation for 'Name' failed on the 'min' tag,Key: 'CreateUserRequest.Password' Error:Field validation for 'Password' failed on the 'min' tag,Key: 'CreateUserRequest.Phone' Error:Field validation for 'Phone' failed on the 'len' tag","time":1597197320943148700}
2020/08/12 15:21:54 {"callers":["D:/develop/code/go/iot/ServerIOT/main.go: 33 main.init.0"],"level":"error","message":"GetDeviceList qpp.BindAndValid errs: Key: 'ListDeviceRequest.Page' Error:Field validation for 'Page' failed on the 'required' tag","time":1597216914904767100}
2020/08/12 15:22:39 {"callers":["D:/develop/code/go/iot/ServerIOT/main.go: 33 main.init.0"],"level":"error","message":"ListDevice fail: Error 1064: You have an error in your SQL syntax; check the manual that corresponds to your MySQL server version for the right syntax to use near '?AND is_del = ?) LIMIT 5 OFFSET 0' at line 1","time":1597216959094740100}
2020/08/17 14:40:26 {"callers":["D:/develop/code/go/iot/ServerIOT/main.go: 33 main.init.0"],"level":"error","message":"GetAuth app.BindAndValid errs: Key: 'AuthRequest.AppKey' Error:Field validation for 'AppKey' failed on the 'required' tag,Key: 'AuthRequest.AppSecret' Error:Field validation for 'AppSecret' failed on the 'required' tag","time":1597646426223474700}
2020/08/17 14:49:42 {"callers":["D:/develop/code/go/iot/ServerIOT/main.go: 33 main.init.0"],"level":"error","message":"GetAuth app.BindAndValid errs: Key: 'AuthRequest.AppKey' Error:Field validation for 'AppKey' failed on the 'required' tag,Key: 'AuthRequest.AppSecret' Error:Field validation for 'AppSecret' failed on the 'required' tag","time":1597646982302218100}
2020/08/17 14:51:12 {"callers":["D:/develop/code/go/iot/ServerIOT/main.go: 33 main.init.0"],"level":"error","message":"GetAuth app.BindAndValid errs: Key: 'AuthRequest.AppKey' Error:Field validation for 'AppKey' failed on the 'required' tag,Key: 'AuthRequest.AppSecret' Error:Field validation for 'AppSecret' failed on the 'required' tag","time":1597647072321549600}
2020/08/17 14:51:14 {"callers":["D:/develop/code/go/iot/ServerIOT/main.go: 33 main.init.0"],"level":"error","message":"GetAuth app.BindAndValid errs: Key: 'AuthRequest.AppKey' Error:Field validation for 'AppKey' failed on the 'required' tag,Key: 'AuthRequest.AppSecret' Error:Field validation for 'AppSecret' failed on the 'required' tag","time":1597647074841812100}
2020/08/17 14:51:16 {"callers":["D:/develop/code/go/iot/ServerIOT/main.go: 33 main.init.0"],"level":"error","message":"GetAuth app.BindAndValid errs: Key: 'AuthRequest.AppKey' Error:Field validation for 'AppKey' failed on the 'required' tag,Key: 'AuthRequest.AppSecret' Error:Field validation for 'AppSecret' failed on the 'required' tag","time":1597647076387678400}
2020/08/17 14:51:17 {"callers":["D:/develop/code/go/iot/ServerIOT/main.go: 33 main.init.0"],"level":"error","message":"GetAuth app.BindAndValid errs: Key: 'AuthRequest.AppSecret' Error:Field validation for 'AppSecret' failed on the 'required' tag,Key: 'AuthRequest.AppKey' Error:Field validation for 'AppKey' failed on the 'required' tag","time":1597647077795913100}
2020/08/17 14:52:39 {"callers":["D:/develop/code/go/iot/ServerIOT/main.go: 33 main.init.0"],"level":"error","message":"GetAuth app.BindAndValid errs: Key: 'AuthRequest.AppKey' Error:Field validation for 'AppKey' failed on the 'required' tag,Key: 'AuthRequest.AppSecret' Error:Field validation for 'AppSecret' failed on the 'required' tag","time":1597647159879459800}
2020/08/17 14:52:41 {"callers":["D:/develop/code/go/iot/ServerIOT/main.go: 33 main.init.0"],"level":"error","message":"GetAuth app.BindAndValid errs: Key: 'AuthRequest.AppKey' Error:Field validation for 'AppKey' failed on the 'required' tag,Key: 'AuthRequest.AppSecret' Error:Field validation for 'AppSecret' failed on the 'required' tag","time":1597647161238826300}
2020/08/17 14:52:43 {"callers":["D:/develop/code/go/iot/ServerIOT/main.go: 33 main.init.0"],"level":"error","message":"GetAuth app.BindAndValid errs: Key: 'AuthRequest.AppKey' Error:Field validation for 'AppKey' failed on the 'required' tag,Key: 'AuthRequest.AppSecret' Error:Field validation for 'AppSecret' failed on the 'required' tag","time":1597647163477839800}
2020/08/17 14:52:45 {"callers":["D:/develop/code/go/iot/ServerIOT/main.go: 33 main.init.0"],"level":"error","message":"GetAuth app.BindAndValid errs: Key: 'AuthRequest.AppKey' Error:Field validation for 'AppKey' failed on the 'required' tag,Key: 'AuthRequest.AppSecret' Error:Field validation for 'AppSecret' failed on the 'required' tag","time":1597647165219186500}
2020/08/17 14:52:46 {"callers":["D:/develop/code/go/iot/ServerIOT/main.go: 33 main.init.0"],"level":"error","message":"GetAuth app.BindAndValid errs: Key: 'AuthRequest.AppKey' Error:Field validation for 'AppKey' failed on the 'required' tag,Key: 'AuthRequest.AppSecret' Error:Field validation for 'AppSecret' failed on the 'required' tag","time":1597647166900687700}
2020/08/17 14:52:48 {"callers":["D:/develop/code/go/iot/ServerIOT/main.go: 33 main.init.0"],"level":"error","message":"GetAuth app.BindAndValid errs: Key: 'AuthRequest.AppKey' Error:Field validation for 'AppKey' failed on the 'required' tag,Key: 'AuthRequest.AppSecret' Error:Field validation for 'AppSecret' failed on the 'required' tag","time":1597647168104469900}
2020/08/17 14:52:48 {"callers":["D:/develop/code/go/iot/ServerIOT/main.go: 33 main.init.0"],"level":"error","message":"GetAuth app.BindAndValid errs: Key: 'AuthRequest.AppKey' Error:Field validation for 'AppKey' failed on the 'required' tag,Key: 'AuthRequest.AppSecret' Error:Field validation for 'AppSecret' failed on the 'required' tag","time":1597647168906327800}
2020/08/17 14:52:51 {"callers":["D:/develop/code/go/iot/ServerIOT/main.go: 33 main.init.0"],"level":"error","message":"GetAuth app.BindAndValid errs: Key: 'AuthRequest.AppKey' Error:Field validation for 'AppKey' failed on the 'required' tag,Key: 'AuthRequest.AppSecret' Error:Field validation for 'AppSecret' failed on the 'required' tag","time":1597647171805575100}
2020/08/17 14:52:53 {"callers":["D:/develop/code/go/iot/ServerIOT/main.go: 33 main.init.0"],"level":"error","message":"GetAuth app.BindAndValid errs: Key: 'AuthRequest.AppKey' Error:Field validation for 'AppKey' failed on the 'required' tag,Key: 'AuthRequest.AppSecret' Error:Field validation for 'AppSecret' failed on the 'required' tag","time":1597647173975774100}
2020/08/17 14:52:57 {"callers":["D:/develop/code/go/iot/ServerIOT/main.go: 33 main.init.0"],"level":"error","message":"GetAuth app.BindAndValid errs: Key: 'AuthRequest.AppKey' Error:Field validation for 'AppKey' failed on the 'required' tag,Key: 'AuthRequest.AppSecret' Error:Field validation for 'AppSecret' failed on the 'required' tag","time":1597647177462450900}
2020/08/17 14:56:08 {"callers":["D:/develop/code/go/iot/ServerIOT/main.go: 33 main.init.0"],"level":"error","message":"GetAuth app.BindAndValid errs: Key: 'AuthRequest.AppKey' Error:Field validation for 'AppKey' failed on the 'required' tag,Key: 'AuthRequest.AppSecret' Error:Field validation for 'AppSecret' failed on the 'required' tag","time":1597647368401025000}
2020/08/17 14:58:18 {"callers":["D:/develop/code/go/iot/ServerIOT/main.go: 33 main.init.0"],"level":"error","message":"GetAuth app.BindAndValid errs: Key: 'AuthRequest.AppKey' Error:Field validation for 'AppKey' failed on the 'required' tag,Key: 'AuthRequest.AppSecret' Error:Field validation for 'AppSecret' failed on the 'required' tag","time":1597647498269833800}
2020/08/17 14:58:20 {"callers":["D:/develop/code/go/iot/ServerIOT/main.go: 33 main.init.0"],"level":"error","message":"GetAuth app.BindAndValid errs: Key: 'AuthRequest.AppKey' Error:Field validation for 'AppKey' failed on the 'required' tag,Key: 'AuthRequest.AppSecret' Error:Field validation for 'AppSecret' failed on the 'required' tag","time":1597647500584645400}
2020/08/17 15:00:13 {"callers":["D:/develop/code/go/iot/ServerIOT/main.go: 33 main.init.0"],"level":"error","message":"GetAuth app.BindAndValid errs: Key: 'AuthRequest.AppKey' Error:Field validation for 'AppKey' failed on the 'required' tag,Key: 'AuthRequest.AppSecret' Error:Field validation for 'AppSecret' failed on the 'required' tag","time":1597647613178620900}
2020/08/17 15:01:01 {"callers":["D:/develop/code/go/iot/ServerIOT/main.go: 33 main.init.0"],"level":"error","message":"GetAuth app.BindAndValid errs: Key: 'AuthRequest.AppKey' Error:Field validation for 'AppKey' failed on the 'required' tag,Key: 'AuthRequest.AppSecret' Error:Field validation for 'AppSecret' failed on the 'required' tag","time":1597647661659007600}
2020/08/17 15:04:13 {"callers":["D:/develop/code/go/iot/ServerIOT/main.go: 33 main.init.0"],"level":"error","message":"GetAuth app.BindAndValid errs: Key: 'AuthRequest.AppKey' Error:Field validation for 'AppKey' failed on the 'required' tag,Key: 'AuthRequest.AppSecret' Error:Field validation for 'AppSecret' failed on the 'required' tag","time":1597647853797319500}
2020/08/17 15:06:36 {"callers":["D:/develop/code/go/iot/ServerIOT/main.go: 33 main.init.0"],"level":"error","message":"GetAuth app.GenerateToken err: key is of invalid type","time":1597647996856845600}
2020/08/23 11:12:27 {"callers":["D:/develop/code/go/vuecli/servers/ServerIOT/main.go: 32 main.init.0"],"level":"error","message":"GetDeviceList qpp.BindAndValid errs: Key: 'ListDeviceRequest.Page' Error:Field validation for 'Page' failed on the 'required' tag","time":1598152347859886400}
2020/08/23 11:13:38 {"callers":["D:/develop/code/go/vuecli/servers/ServerIOT/main.go: 32 main.init.0"],"level":"error","message":"GetDeviceList qpp.BindAndValid errs: Key: 'ListDeviceRequest.Page' Error:Field validation for 'Page' failed on the 'required' tag","time":1598152418184886200}
2020/08/23 14:34:42 {"callers":["D:/develop/code/go/vuecli/servers/ServerIOT/main.go: 32 main.init.0"],"level":"error","message":"UID WRONG","time":1598164482940885300}
2020/08/23 15:43:01 {"callers":["D:/develop/code/go/vuecli/servers/ServerIOT/main.go: 32 main.init.0"],"level":"error","message":"UID WRONG","span_id":"72c057287f8055be","time":1598168581892073000,"trace_id":"72c057287f8055be"}
